build/app/intermediates/manifest_merge_blame_file/release/manifest-merger-blame-release-report.txt
1<?xml version="1.0" encoding="utf-8"?>
2<manifest xmlns:android="http://schemas.android.com/apk/res/android"
3    package="com.example.yibe_final_ui"
4    android:versionCode="1"
5    android:versionName="1.0.0" >
6
7    <uses-sdk
8        android:minSdkVersion="16"
8-->src\main\AndroidManifest.xml
9        android:targetSdkVersion="29" />
9-->src\main\AndroidManifest.xml
10    <!--
11         io.flutter.app.FlutterApplication is an android.app.Application that
12         calls FlutterMain.startInitialization(this); in its onCreate method.
13         In most cases you can leave this as-is, but you if you want to provide
14         additional functionality it is fine to subclass or reimplement
15         FlutterApplication and put your custom class here.
16    -->
17    <uses-permission android:name="android.permission.INTERNET" />
17-->src\main\AndroidManifest.xml:8:5-66
17-->src\main\AndroidManifest.xml:8:22-64
18    <uses-permission android:name="android.permission.WRITE_EXTERNAL_STORAGE" />
18-->src\main\AndroidManifest.xml:9:5-81
18-->src\main\AndroidManifest.xml:9:22-78
19    <uses-permission android:name="android.permission.READ_EXTERNAL_STORAGE" />
19-->src\main\AndroidManifest.xml:10:5-80
19-->src\main\AndroidManifest.xml:10:22-77
20    <uses-permission android:name="android.permission.ACCESS_NETWORK_STATE" />
20-->[:firebase_analytics] AndroidManifest.xml:7:5-79
20-->[:firebase_analytics] AndroidManifest.xml:7:22-76
21    <uses-permission android:name="android.permission.WAKE_LOCK" />
21-->[:firebase_analytics] AndroidManifest.xml:9:5-68
21-->[:firebase_analytics] AndroidManifest.xml:9:22-65
22    <uses-permission android:name="android.permission.CAMERA" />
22-->[:flutter_qr_bar_scanner] AndroidManifest.xml:7:5-65
22-->[:flutter_qr_bar_scanner] AndroidManifest.xml:7:22-62
23
24    <uses-feature
24-->[:flutter_qr_bar_scanner] AndroidManifest.xml:9:5-11:35
25        android:name="android.hardware.camera.autofocus"
25-->[:flutter_qr_bar_scanner] AndroidManifest.xml:10:9-57
26        android:required="true" />
26-->[:flutter_qr_bar_scanner] AndroidManifest.xml:11:9-32
27
28    <uses-permission android:name="com.google.android.finsky.permission.BIND_GET_INSTALL_REFERRER_SERVICE" />
28-->[com.google.android.gms:play-services-measurement:18.0.0] AndroidManifest.xml:26:5-110
28-->[com.google.android.gms:play-services-measurement:18.0.0] AndroidManifest.xml:26:22-107
29
30    <application
30-->src\main\AndroidManifest.xml:11:5-50:19
31        android:name="io.flutter.app.FlutterApplication"
31-->src\main\AndroidManifest.xml:12:9-57
32        android:appComponentFactory="androidx.core.app.CoreComponentFactory"
32-->[androidx.core:core:1.1.0] AndroidManifest.xml:24:18-86
33        android:icon="@mipmap/ic_launcher"
33-->src\main\AndroidManifest.xml:15:9-43
34        android:label="Yibe"
34-->src\main\AndroidManifest.xml:13:9-29
35        android:requestLegacyExternalStorage="true" >
35-->src\main\AndroidManifest.xml:14:9-52
36        <activity
36-->src\main\AndroidManifest.xml:16:9-44:20
37            android:name="com.example.yibe_final_ui.MainActivity"
37-->src\main\AndroidManifest.xml:17:13-41
38            android:configChanges="orientation|keyboardHidden|keyboard|screenSize|smallestScreenSize|locale|layoutDirection|fontScale|screenLayout|density|uiMode"
38-->src\main\AndroidManifest.xml:20:13-163
39            android:hardwareAccelerated="true"
39-->src\main\AndroidManifest.xml:21:13-47
40            android:launchMode="singleTop"
40-->src\main\AndroidManifest.xml:18:13-43
41            android:theme="@style/LaunchTheme"
41-->src\main\AndroidManifest.xml:19:13-47
42            android:windowSoftInputMode="adjustResize" >
42-->src\main\AndroidManifest.xml:22:13-55
43
44            <!--
45                 Specifies an Android theme to apply to this Activity as soon as
46                 the Android process has started. This theme is visible to the user
47                 while the Flutter UI initializes. After that, this theme continues
48                 to determine the Window background behind the Flutter UI.
49            -->
50            <meta-data
50-->src\main\AndroidManifest.xml:27:13-30:17
51                android:name="io.flutter.embedding.android.NormalTheme"
51-->src\main\AndroidManifest.xml:28:15-70
52                android:resource="@style/NormalTheme" />
52-->src\main\AndroidManifest.xml:29:15-52
53            <!--
54                 Displays an Android View that continues showing the launch screen
55                 Drawable until Flutter paints its first frame, then this splash
56                 screen fades out. A splash screen is useful to avoid any visual
57                 gap between the end of Android's launch screen and the painting of
58                 Flutter's first frame.
59            -->
60            <meta-data
60-->src\main\AndroidManifest.xml:36:13-39:17
61                android:name="io.flutter.embedding.android.SplashScreenDrawable"
61-->src\main\AndroidManifest.xml:37:15-79
62                android:resource="@drawable/launch_background" />
62-->src\main\AndroidManifest.xml:38:15-61
63
64            <intent-filter>
64-->src\main\AndroidManifest.xml:40:13-43:29
65                <action android:name="android.intent.action.MAIN" />
65-->src\main\AndroidManifest.xml:41:17-68
65-->src\main\AndroidManifest.xml:41:25-66
66
67                <category android:name="android.intent.category.LAUNCHER" />
67-->src\main\AndroidManifest.xml:42:17-76
67-->src\main\AndroidManifest.xml:42:27-74
68            </intent-filter>
69        </activity>
70        <!--
71             Don't delete the meta-data below.
72             This is used by the Flutter tool to generate GeneratedPluginRegistrant.java
73        -->
74        <meta-data
74-->src\main\AndroidManifest.xml:47:9-49:33
75            android:name="flutterEmbedding"
75-->src\main\AndroidManifest.xml:48:13-44
76            android:value="2" />
76-->src\main\AndroidManifest.xml:49:13-30
77
78        <service
78-->[:firebase_storage] AndroidManifest.xml:8:9-12:19
79            android:name="com.google.firebase.components.ComponentDiscoveryService"
79-->[:firebase_storage] AndroidManifest.xml:8:18-89
80            android:directBootAware="true"
80-->[com.google.firebase:firebase-common:19.4.0] AndroidManifest.xml:35:13-43
81            android:exported="false" >
81-->[com.google.firebase:firebase-auth:20.0.1] AndroidManifest.xml:76:13-37
82            <meta-data
82-->[:firebase_storage] AndroidManifest.xml:9:13-11:85
83                android:name="com.google.firebase.components:io.flutter.plugins.firebase.storage.FlutterFirebaseAppRegistrar"
83-->[:firebase_storage] AndroidManifest.xml:10:17-126
84                android:value="com.google.firebase.components.ComponentRegistrar" />
84-->[:firebase_storage] AndroidManifest.xml:11:17-82
85            <meta-data
85-->[:firebase_dynamic_links] AndroidManifest.xml:11:13-13:85
86                android:name="com.google.firebase.components:io.flutter.plugins.firebasedynamiclinks.FlutterFirebaseAppRegistrar"
86-->[:firebase_dynamic_links] AndroidManifest.xml:12:17-130
87                android:value="com.google.firebase.components.ComponentRegistrar" />
87-->[:firebase_dynamic_links] AndroidManifest.xml:13:17-82
88            <meta-data
88-->[:firebase_analytics] AndroidManifest.xml:13:13-15:85
89                android:name="com.google.firebase.components:io.flutter.plugins.firebaseanalytics.FlutterFirebaseAppRegistrar"
89-->[:firebase_analytics] AndroidManifest.xml:14:17-127
90                android:value="com.google.firebase.components.ComponentRegistrar" />
90-->[:firebase_analytics] AndroidManifest.xml:15:17-82
91            <meta-data
91-->[:cloud_firestore] AndroidManifest.xml:9:13-11:85
92                android:name="com.google.firebase.components:io.flutter.plugins.firebase.firestore.FlutterFirebaseFirestoreRegistrar"
92-->[:cloud_firestore] AndroidManifest.xml:10:17-134
93                android:value="com.google.firebase.components.ComponentRegistrar" />
93-->[:cloud_firestore] AndroidManifest.xml:11:17-82
94            <meta-data
94-->[:firebase_auth] AndroidManifest.xml:9:13-11:85
95                android:name="com.google.firebase.components:io.flutter.plugins.firebase.auth.FlutterFirebaseAuthRegistrar"
95-->[:firebase_auth] AndroidManifest.xml:10:17-124
96                android:value="com.google.firebase.components.ComponentRegistrar" />
96-->[:firebase_auth] AndroidManifest.xml:11:17-82
97            <meta-data
97-->[:firebase_core] AndroidManifest.xml:9:13-11:85
98                android:name="com.google.firebase.components:io.flutter.plugins.firebase.core.FlutterFirebaseCoreRegistrar"
98-->[:firebase_core] AndroidManifest.xml:10:17-124
99                android:value="com.google.firebase.components.ComponentRegistrar" />
99-->[:firebase_core] AndroidManifest.xml:11:17-82
100            <meta-data
100-->[com.google.firebase:firebase-auth:20.0.1] AndroidManifest.xml:77:13-79:85
101                android:name="com.google.firebase.components:com.google.firebase.auth.FirebaseAuthRegistrar"
101-->[com.google.firebase:firebase-auth:20.0.1] AndroidManifest.xml:78:17-109
102                android:value="com.google.firebase.components.ComponentRegistrar" />
102-->[com.google.firebase:firebase-auth:20.0.1] AndroidManifest.xml:79:17-82
103            <meta-data
103-->[com.google.firebase:firebase-firestore:22.0.0] AndroidManifest.xml:20:13-22:85
104                android:name="com.google.firebase.components:com.google.firebase.firestore.FirestoreRegistrar"
104-->[com.google.firebase:firebase-firestore:22.0.0] AndroidManifest.xml:21:17-111
105                android:value="com.google.firebase.components.ComponentRegistrar" />
105-->[com.google.firebase:firebase-firestore:22.0.0] AndroidManifest.xml:22:17-82
106            <meta-data
106-->[com.google.firebase:firebase-dynamic-links:19.1.1] AndroidManifest.xml:11:13-13:85
107                android:name="com.google.firebase.components:com.google.firebase.dynamiclinks.internal.FirebaseDynamicLinkRegistrar"
107-->[com.google.firebase:firebase-dynamic-links:19.1.1] AndroidManifest.xml:12:17-133
108                android:value="com.google.firebase.components.ComponentRegistrar" />
108-->[com.google.firebase:firebase-dynamic-links:19.1.1] AndroidManifest.xml:13:17-82
109            <meta-data
109-->[com.google.firebase:firebase-storage:19.2.0] AndroidManifest.xml:33:13-35:85
110                android:name="com.google.firebase.components:com.google.firebase.storage.StorageRegistrar"
110-->[com.google.firebase:firebase-storage:19.2.0] AndroidManifest.xml:34:17-107
111                android:value="com.google.firebase.components.ComponentRegistrar" />
111-->[com.google.firebase:firebase-storage:19.2.0] AndroidManifest.xml:35:17-82
112            <meta-data
112-->[com.google.android.gms:play-services-measurement-api:18.0.0] AndroidManifest.xml:30:13-32:85
113                android:name="com.google.firebase.components:com.google.firebase.analytics.connector.internal.AnalyticsConnectorRegistrar"
113-->[com.google.android.gms:play-services-measurement-api:18.0.0] AndroidManifest.xml:31:17-139
114                android:value="com.google.firebase.components.ComponentRegistrar" />
114-->[com.google.android.gms:play-services-measurement-api:18.0.0] AndroidManifest.xml:32:17-82
115            <meta-data
115-->[com.google.firebase:firebase-installations:16.3.4] AndroidManifest.xml:18:13-20:85
116                android:name="com.google.firebase.components:com.google.firebase.installations.FirebaseInstallationsRegistrar"
116-->[com.google.firebase:firebase-installations:16.3.4] AndroidManifest.xml:19:17-127
117                android:value="com.google.firebase.components.ComponentRegistrar" />
117-->[com.google.firebase:firebase-installations:16.3.4] AndroidManifest.xml:20:17-82
118        </service>
119
120        <provider
120-->[:image_picker] AndroidManifest.xml:11:9-19:20
121            android:name="io.flutter.plugins.imagepicker.ImagePickerFileProvider"
121-->[:image_picker] AndroidManifest.xml:12:13-82
122            android:authorities="com.example.yibe_final_ui.flutter.image_provider"
122-->[:image_picker] AndroidManifest.xml:13:13-74
123            android:exported="false"
123-->[:image_picker] AndroidManifest.xml:14:13-37
124            android:grantUriPermissions="true" >
124-->[:image_picker] AndroidManifest.xml:15:13-47
125            <meta-data
125-->[:image_picker] AndroidManifest.xml:16:13-18:75
126                android:name="android.support.FILE_PROVIDER_PATHS"
126-->[:image_picker] AndroidManifest.xml:17:17-67
127                android:resource="@xml/flutter_image_picker_file_paths" />
127-->[:image_picker] AndroidManifest.xml:18:17-72
128        </provider>
129
130        <meta-data
130-->[:flutter_qr_bar_scanner] AndroidManifest.xml:14:9-16:39
131            android:name="com.google.android.gms.vision.DEPENDENCIES"
131-->[:flutter_qr_bar_scanner] AndroidManifest.xml:15:13-70
132            android:value="barcode" />
132-->[:flutter_qr_bar_scanner] AndroidManifest.xml:16:13-36
133
134        <activity
134-->[com.google.firebase:firebase-auth:20.0.1] AndroidManifest.xml:27:9-44:20
135            android:name="com.google.firebase.auth.internal.GenericIdpActivity"
135-->[com.google.firebase:firebase-auth:20.0.1] AndroidManifest.xml:28:13-80
136            android:excludeFromRecents="true"
136-->[com.google.firebase:firebase-auth:20.0.1] AndroidManifest.xml:29:13-46
137            android:exported="true"
137-->[com.google.firebase:firebase-auth:20.0.1] AndroidManifest.xml:30:13-36
138            android:launchMode="singleTask"
138-->[com.google.firebase:firebase-auth:20.0.1] AndroidManifest.xml:31:13-44
139            android:theme="@android:style/Theme.Translucent.NoTitleBar" >
139-->[com.google.firebase:firebase-auth:20.0.1] AndroidManifest.xml:32:13-72
140            <intent-filter>
140-->[com.google.firebase:firebase-auth:20.0.1] AndroidManifest.xml:33:13-43:29
141                <action android:name="android.intent.action.VIEW" />
141-->[com.google.firebase:firebase-auth:20.0.1] AndroidManifest.xml:34:17-69
141-->[com.google.firebase:firebase-auth:20.0.1] AndroidManifest.xml:34:25-66
142
143                <category android:name="android.intent.category.DEFAULT" />
143-->[com.google.firebase:firebase-auth:20.0.1] AndroidManifest.xml:36:17-76
143-->[com.google.firebase:firebase-auth:20.0.1] AndroidManifest.xml:36:27-73
144                <category android:name="android.intent.category.BROWSABLE" />
144-->[com.google.firebase:firebase-auth:20.0.1] AndroidManifest.xml:37:17-78
144-->[com.google.firebase:firebase-auth:20.0.1] AndroidManifest.xml:37:27-75
145
146                <data
146-->[com.google.firebase:firebase-auth:20.0.1] AndroidManifest.xml:39:17-42:51
147                    android:host="firebase.auth"
147-->[com.google.firebase:firebase-auth:20.0.1] AndroidManifest.xml:40:21-49
148                    android:path="/"
148-->[com.google.firebase:firebase-auth:20.0.1] AndroidManifest.xml:41:21-37
149                    android:scheme="genericidp" />
149-->[com.google.firebase:firebase-auth:20.0.1] AndroidManifest.xml:42:21-48
150            </intent-filter>
151        </activity>
152        <activity
152-->[com.google.firebase:firebase-auth:20.0.1] AndroidManifest.xml:45:9-62:20
153            android:name="com.google.firebase.auth.internal.RecaptchaActivity"
153-->[com.google.firebase:firebase-auth:20.0.1] AndroidManifest.xml:46:13-79
154            android:excludeFromRecents="true"
154-->[com.google.firebase:firebase-auth:20.0.1] AndroidManifest.xml:47:13-46
155            android:exported="true"
155-->[com.google.firebase:firebase-auth:20.0.1] AndroidManifest.xml:48:13-36
156            android:launchMode="singleTask"
156-->[com.google.firebase:firebase-auth:20.0.1] AndroidManifest.xml:49:13-44
157            android:theme="@android:style/Theme.Translucent.NoTitleBar" >
157-->[com.google.firebase:firebase-auth:20.0.1] AndroidManifest.xml:50:13-72
158            <intent-filter>
158-->[com.google.firebase:firebase-auth:20.0.1] AndroidManifest.xml:51:13-61:29
159                <action android:name="android.intent.action.VIEW" />
159-->[com.google.firebase:firebase-auth:20.0.1] AndroidManifest.xml:34:17-69
159-->[com.google.firebase:firebase-auth:20.0.1] AndroidManifest.xml:34:25-66
160
161                <category android:name="android.intent.category.DEFAULT" />
161-->[com.google.firebase:firebase-auth:20.0.1] AndroidManifest.xml:36:17-76
161-->[com.google.firebase:firebase-auth:20.0.1] AndroidManifest.xml:36:27-73
162                <category android:name="android.intent.category.BROWSABLE" />
162-->[com.google.firebase:firebase-auth:20.0.1] AndroidManifest.xml:37:17-78
162-->[com.google.firebase:firebase-auth:20.0.1] AndroidManifest.xml:37:27-75
163
164                <data
164-->[com.google.firebase:firebase-auth:20.0.1] AndroidManifest.xml:39:17-42:51
165                    android:host="firebase.auth"
165-->[com.google.firebase:firebase-auth:20.0.1] AndroidManifest.xml:40:21-49
166                    android:path="/"
166-->[com.google.firebase:firebase-auth:20.0.1] AndroidManifest.xml:41:21-37
167                    android:scheme="recaptcha" />
167-->[com.google.firebase:firebase-auth:20.0.1] AndroidManifest.xml:42:21-48
168            </intent-filter>
169        </activity>
170
171        <service
171-->[com.google.firebase:firebase-auth:20.0.1] AndroidManifest.xml:64:9-73:19
172            android:name="com.google.firebase.auth.api.fallback.service.FirebaseAuthFallbackService"
172-->[com.google.firebase:firebase-auth:20.0.1] AndroidManifest.xml:65:13-101
173            android:enabled="true"
173-->[com.google.firebase:firebase-auth:20.0.1] AndroidManifest.xml:66:13-35
174            android:exported="false" >
174-->[com.google.firebase:firebase-auth:20.0.1] AndroidManifest.xml:67:13-37
175            <intent-filter>
175-->[com.google.firebase:firebase-auth:20.0.1] AndroidManifest.xml:68:13-72:29
176                <action android:name="com.google.firebase.auth.api.gms.service.START" />
176-->[com.google.firebase:firebase-auth:20.0.1] AndroidManifest.xml:69:17-89
176-->[com.google.firebase:firebase-auth:20.0.1] AndroidManifest.xml:69:25-86
177
178                <category android:name="android.intent.category.DEFAULT" />
178-->[com.google.firebase:firebase-auth:20.0.1] AndroidManifest.xml:36:17-76
178-->[com.google.firebase:firebase-auth:20.0.1] AndroidManifest.xml:36:27-73
179            </intent-filter>
180        </service>
181
182        <provider
182-->[com.google.firebase:firebase-common:19.4.0] AndroidManifest.xml:26:9-31:39
183            android:name="com.google.firebase.provider.FirebaseInitProvider"
183-->[com.google.firebase:firebase-common:19.4.0] AndroidManifest.xml:27:13-77
184            android:authorities="com.example.yibe_final_ui.firebaseinitprovider"
184-->[com.google.firebase:firebase-common:19.4.0] AndroidManifest.xml:28:13-72
185            android:directBootAware="true"
185-->[com.google.firebase:firebase-common:19.4.0] AndroidManifest.xml:29:13-43
186            android:exported="false"
186-->[com.google.firebase:firebase-common:19.4.0] AndroidManifest.xml:30:13-37
187            android:initOrder="100" />
187-->[com.google.firebase:firebase-common:19.4.0] AndroidManifest.xml:31:13-36
188
189        <activity
189-->[com.google.android.gms:play-services-base:17.1.0] AndroidManifest.xml:23:9-26:75
190            android:name="com.google.android.gms.common.api.GoogleApiActivity"
190-->[com.google.android.gms:play-services-base:17.1.0] AndroidManifest.xml:24:13-79
191            android:exported="false"
191-->[com.google.android.gms:play-services-base:17.1.0] AndroidManifest.xml:25:13-37
192            android:theme="@android:style/Theme.Translucent.NoTitleBar" />
192-->[com.google.android.gms:play-services-base:17.1.0] AndroidManifest.xml:26:13-72
193
194        <receiver
194-->[com.google.android.gms:play-services-measurement:18.0.0] AndroidManifest.xml:29:9-33:20
195            android:name="com.google.android.gms.measurement.AppMeasurementReceiver"
195-->[com.google.android.gms:play-services-measurement:18.0.0] AndroidManifest.xml:30:13-85
196            android:enabled="true"
196-->[com.google.android.gms:play-services-measurement:18.0.0] AndroidManifest.xml:31:13-35
197            android:exported="false" >
197-->[com.google.android.gms:play-services-measurement:18.0.0] AndroidManifest.xml:32:13-37
198        </receiver>
199
200        <service
200-->[com.google.android.gms:play-services-measurement:18.0.0] AndroidManifest.xml:35:9-38:40
201            android:name="com.google.android.gms.measurement.AppMeasurementService"
201-->[com.google.android.gms:play-services-measurement:18.0.0] AndroidManifest.xml:36:13-84
202            android:enabled="true"
202-->[com.google.android.gms:play-services-measurement:18.0.0] AndroidManifest.xml:37:13-35
203            android:exported="false" />
203-->[com.google.android.gms:play-services-measurement:18.0.0] AndroidManifest.xml:38:13-37
204        <service
204-->[com.google.android.gms:play-services-measurement:18.0.0] AndroidManifest.xml:39:9-43:72
205            android:name="com.google.android.gms.measurement.AppMeasurementJobService"
205-->[com.google.android.gms:play-services-measurement:18.0.0] AndroidManifest.xml:40:13-87
206            android:enabled="true"
206-->[com.google.android.gms:play-services-measurement:18.0.0] AndroidManifest.xml:41:13-35
207            android:exported="false"
207-->[com.google.android.gms:play-services-measurement:18.0.0] AndroidManifest.xml:42:13-37
208            android:permission="android.permission.BIND_JOB_SERVICE" />
208-->[com.google.android.gms:play-services-measurement:18.0.0] AndroidManifest.xml:43:13-69
209
210        <meta-data
210-->[com.google.android.gms:play-services-basement:17.1.0] AndroidManifest.xml:23:9-25:69
211            android:name="com.google.android.gms.version"
211-->[com.google.android.gms:play-services-basement:17.1.0] AndroidManifest.xml:24:13-58
212            android:value="@integer/google_play_services_version" />
212-->[com.google.android.gms:play-services-basement:17.1.0] AndroidManifest.xml:25:13-66
213    </application>
214
215</manifest>